<?xml version="1.0" encoding="UTF-8"?>
<!-- Generated by org.testng.reporters.JUnitReportReporter -->
<testsuite hostname="ShivamLaptop" failures="0" tests="4" name="api.test.UserTests2" time="14.910" errors="0" timestamp="2023-06-29T02:13:22 IST" skipped="0">
  <testcase classname="api.test.UserTests2" name="testPostUser" time="4.274"/>
  <system-out/>
  <testcase classname="api.test.UserTests2" name="testGetUserByName" time="2.015"/>
  <system-out/>
  <testcase classname="api.test.UserTests2" name="testUpdateUserByName" time="6.834"/>
  <system-out/>
  <testcase classname="api.test.UserTests2" name="testDeleteuserByName" time="1.787"/>
  <system-out/>
</testsuite> <!-- api.test.UserTests2 -->
