<?xml version="1.0" encoding="UTF-8"?>
<!-- Generated by org.testng.reporters.JUnitReportReporter -->
<testsuite hostname="ShivamLaptop" failures="0" tests="4" name="api.test.UserTests" time="19.762" errors="0" timestamp="2023-06-29T01:42:09 IST" skipped="0">
  <testcase classname="api.test.UserTests" name="testPostUser" time="11.342"/>
  <system-out/>
  <testcase classname="api.test.UserTests" name="testGetUserByName" time="1.954"/>
  <system-out/>
  <testcase classname="api.test.UserTests" name="testUpdateUserByName" time="4.429"/>
  <system-out/>
  <testcase classname="api.test.UserTests" name="testDeleteUserByName" time="2.037"/>
  <system-out/>
</testsuite> <!-- api.test.UserTests -->
