<?xml version="1.0" encoding="UTF-8"?>
<!-- Generated by org.testng.reporters.JUnitReportReporter -->
<testsuite hostname="ShivamLaptop" failures="0" tests="3" name="api.test.DDTests" time="7.339" errors="0" timestamp="2023-06-23T12:12:44 IST" skipped="0">
  <testcase classname="api.test.DDTests" name="testPostuser" time="3.616"/>
  <system-out/>
  <testcase classname="api.test.DDTests" name="testPostuser" time="1.832"/>
  <system-out/>
  <testcase classname="api.test.DDTests" name="testPostuser" time="1.891"/>
  <system-out/>
</testsuite> <!-- api.test.DDTests -->
