<?xml version="1.0" encoding="UTF-8"?>
<!-- Generated by org.testng.reporters.JUnitReportReporter -->
<testsuite hostname="ShivamLaptop" failures="0" tests="4" name="api.test.UserTests2" time="10.642" errors="0" timestamp="2023-06-29T02:37:58 IST" skipped="0">
  <testcase classname="api.test.UserTests2" name="testPostUser" time="3.563"/>
  <system-out/>
  <testcase classname="api.test.UserTests2" name="testGetUserByName" time="1.842"/>
  <system-out/>
  <testcase classname="api.test.UserTests2" name="testUpdateUserByName" time="3.493"/>
  <system-out/>
  <testcase classname="api.test.UserTests2" name="testDeleteuserByName" time="1.744"/>
  <system-out/>
</testsuite> <!-- api.test.UserTests2 -->
